<?xml version="1.0" encoding="UTF-8"?>
<testsuite xmlns:xsi="http://www.w3.org/2001/XMLSchema-instance" xsi:noNamespaceSchemaLocation="https://maven.apache.org/surefire/maven-surefire-plugin/xsd/surefire-test-report.xsd" name="it.polimi.ingsw.LeaderCardPlayAndDiscardTest" time="0.023" tests="10" errors="0" skipped="0" failures="0">
  <properties>
    <property name="java.specification.version" value="15"/>
    <property name="sun.cpu.isalist" value="amd64"/>
    <property name="sun.jnu.encoding" value="Cp1252"/>
    <property name="java.class.path" value="C:\Users\Ajeje Brazorf\IdeaProjects\ing-sw-2021-scanzi-scandale-radaelli\target\test-classes;C:\Users\Ajeje Brazorf\IdeaProjects\ing-sw-2021-scanzi-scandale-radaelli\target\classes;C:\Users\Ajeje Brazorf\.m2\repository\org\junit\jupiter\junit-jupiter\5.7.0\junit-jupiter-5.7.0.jar;C:\Users\Ajeje Brazorf\.m2\repository\org\junit\jupiter\junit-jupiter-api\5.7.0\junit-jupiter-api-5.7.0.jar;C:\Users\Ajeje Brazorf\.m2\repository\org\opentest4j\opentest4j\1.2.0\opentest4j-1.2.0.jar;C:\Users\Ajeje Brazorf\.m2\repository\org\junit\platform\junit-platform-commons\1.7.0\junit-platform-commons-1.7.0.jar;C:\Users\Ajeje Brazorf\.m2\repository\org\junit\jupiter\junit-jupiter-engine\5.7.0\junit-jupiter-engine-5.7.0.jar;C:\Users\Ajeje Brazorf\.m2\repository\org\junit\platform\junit-platform-engine\1.7.0\junit-platform-engine-1.7.0.jar;C:\Users\Ajeje Brazorf\.m2\repository\org\junit\jupiter\junit-jupiter-params\5.7.0\junit-jupiter-params-5.7.0.jar;C:\Users\Ajeje Brazorf\.m2\repository\org\apiguardian\apiguardian-api\1.1.0\apiguardian-api-1.1.0.jar;C:\Users\Ajeje Brazorf\.m2\repository\org\openjfx\javafx-controls\16\javafx-controls-16.jar;C:\Users\Ajeje Brazorf\.m2\repository\org\openjfx\javafx-controls\16\javafx-controls-16-win.jar;C:\Users\Ajeje Brazorf\.m2\repository\org\openjfx\javafx-graphics\16\javafx-graphics-16.jar;C:\Users\Ajeje Brazorf\.m2\repository\org\openjfx\javafx-graphics\16\javafx-graphics-16-win.jar;C:\Users\Ajeje Brazorf\.m2\repository\org\openjfx\javafx-base\16\javafx-base-16.jar;C:\Users\Ajeje Brazorf\.m2\repository\org\openjfx\javafx-base\16\javafx-base-16-win.jar;C:\Users\Ajeje Brazorf\.m2\repository\org\openjfx\javafx-fxml\16\javafx-fxml-16.jar;C:\Users\Ajeje Brazorf\.m2\repository\org\openjfx\javafx-fxml\16\javafx-fxml-16-win.jar;"/>
    <property name="java.vm.vendor" value="Oracle Corporation"/>
    <property name="sun.arch.data.model" value="64"/>
    <property name="user.variant" value=""/>
    <property name="java.vendor.url" value="https://java.oracle.com/"/>
    <property name="user.timezone" value="Europe/Rome"/>
    <property name="os.name" value="Windows 10"/>
    <property name="java.vm.specification.version" value="15"/>
    <property name="sun.java.launcher" value="SUN_STANDARD"/>
    <property name="user.country" value="IT"/>
    <property name="sun.boot.library.path" value="C:\Program Files\Java\jdk-15.0.2\bin"/>
    <property name="sun.java.command" value="C:\Users\AJEJEB~1\AppData\Local\Temp\surefire2755985559008792601\surefirebooter9645610237849806359.jar C:\Users\Ajeje Brazorf\AppData\Local\Temp\surefire2755985559008792601 2021-05-26T18-38-25_890-jvmRun1 surefire11759441324234400528tmp surefire_011734431951579760726tmp"/>
    <property name="jdk.debug" value="release"/>
    <property name="surefire.test.class.path" value="C:\Users\Ajeje Brazorf\IdeaProjects\ing-sw-2021-scanzi-scandale-radaelli\target\test-classes;C:\Users\Ajeje Brazorf\IdeaProjects\ing-sw-2021-scanzi-scandale-radaelli\target\classes;C:\Users\Ajeje Brazorf\.m2\repository\org\junit\jupiter\junit-jupiter\5.7.0\junit-jupiter-5.7.0.jar;C:\Users\Ajeje Brazorf\.m2\repository\org\junit\jupiter\junit-jupiter-api\5.7.0\junit-jupiter-api-5.7.0.jar;C:\Users\Ajeje Brazorf\.m2\repository\org\opentest4j\opentest4j\1.2.0\opentest4j-1.2.0.jar;C:\Users\Ajeje Brazorf\.m2\repository\org\junit\platform\junit-platform-commons\1.7.0\junit-platform-commons-1.7.0.jar;C:\Users\Ajeje Brazorf\.m2\repository\org\junit\jupiter\junit-jupiter-engine\5.7.0\junit-jupiter-engine-5.7.0.jar;C:\Users\Ajeje Brazorf\.m2\repository\org\junit\platform\junit-platform-engine\1.7.0\junit-platform-engine-1.7.0.jar;C:\Users\Ajeje Brazorf\.m2\repository\org\junit\jupiter\junit-jupiter-params\5.7.0\junit-jupiter-params-5.7.0.jar;C:\Users\Ajeje Brazorf\.m2\repository\org\apiguardian\apiguardian-api\1.1.0\apiguardian-api-1.1.0.jar;C:\Users\Ajeje Brazorf\.m2\repository\org\openjfx\javafx-controls\16\javafx-controls-16.jar;C:\Users\Ajeje Brazorf\.m2\repository\org\openjfx\javafx-controls\16\javafx-controls-16-win.jar;C:\Users\Ajeje Brazorf\.m2\repository\org\openjfx\javafx-graphics\16\javafx-graphics-16.jar;C:\Users\Ajeje Brazorf\.m2\repository\org\openjfx\javafx-graphics\16\javafx-graphics-16-win.jar;C:\Users\Ajeje Brazorf\.m2\repository\org\openjfx\javafx-base\16\javafx-base-16.jar;C:\Users\Ajeje Brazorf\.m2\repository\org\openjfx\javafx-base\16\javafx-base-16-win.jar;C:\Users\Ajeje Brazorf\.m2\repository\org\openjfx\javafx-fxml\16\javafx-fxml-16.jar;C:\Users\Ajeje Brazorf\.m2\repository\org\openjfx\javafx-fxml\16\javafx-fxml-16-win.jar;"/>
    <property name="sun.cpu.endian" value="little"/>
    <property name="user.home" value="C:\Users\Ajeje Brazorf"/>
    <property name="user.language" value="it"/>
    <property name="java.specification.vendor" value="Oracle Corporation"/>
    <property name="java.version.date" value="2021-01-19"/>
    <property name="java.home" value="C:\Program Files\Java\jdk-15.0.2"/>
    <property name="file.separator" value="\"/>
    <property name="basedir" value="C:\Users\Ajeje Brazorf\IdeaProjects\ing-sw-2021-scanzi-scandale-radaelli"/>
    <property name="java.vm.compressedOopsMode" value="Zero based"/>
    <property name="line.separator" value="&#10;"/>
    <property name="java.vm.specification.vendor" value="Oracle Corporation"/>
    <property name="java.specification.name" value="Java Platform API Specification"/>
    <property name="surefire.real.class.path" value="C:\Users\AJEJEB~1\AppData\Local\Temp\surefire2755985559008792601\surefirebooter9645610237849806359.jar"/>
    <property name="user.script" value=""/>
    <property name="sun.management.compiler" value="HotSpot 64-Bit Tiered Compilers"/>
    <property name="java.runtime.version" value="15.0.2+7-27"/>
    <property name="user.name" value="Ajeje Brazorf"/>
    <property name="path.separator" value=";"/>
    <property name="os.version" value="10.0"/>
    <property name="java.runtime.name" value="Java(TM) SE Runtime Environment"/>
    <property name="file.encoding" value="Cp1252"/>
    <property name="java.vm.name" value="Java HotSpot(TM) 64-Bit Server VM"/>
    <property name="localRepository" value="C:\Users\Ajeje Brazorf\.m2\repository"/>
    <property name="java.vendor.url.bug" value="https://bugreport.java.com/bugreport/"/>
    <property name="java.io.tmpdir" value="C:\Users\AJEJEB~1\AppData\Local\Temp\"/>
    <property name="idea.version" value="2021.1.1"/>
    <property name="java.version" value="15.0.2"/>
    <property name="user.dir" value="C:\Users\Ajeje Brazorf\IdeaProjects\ing-sw-2021-scanzi-scandale-radaelli"/>
    <property name="os.arch" value="amd64"/>
    <property name="java.vm.specification.name" value="Java Virtual Machine Specification"/>
    <property name="sun.os.patch.level" value=""/>
    <property name="java.library.path" value="C:\Program Files\Java\jdk-15.0.2\bin;C:\WINDOWS\Sun\Java\bin;C:\WINDOWS\system32;C:\WINDOWS;C:\Program Files\Common Files\Oracle\Java\javapath;C:\Windows\system32;C:\Windows;C:\Windows\System32\Wbem;C:\Windows\System32\WindowsPowerShell\v1.0\;C:\Windows\System32\OpenSSH\;C:\Program Files (x86)\NVIDIA Corporation\PhysX\Common;C:\Program Files\NVIDIA Corporation\NVIDIA NvDLISR;C:\WINDOWS\system32;C:\WINDOWS;C:\WINDOWS\System32\Wbem;C:\WINDOWS\System32\WindowsPowerShell\v1.0\;C:\WINDOWS\System32\OpenSSH\;C:\Program Files\Git\cmd;C:\Program Files (x86)\nodejs\;C:\Program Files\apache-maven-3.8.1\bin;C:\Program Files\MySQL\MySQL Shell 8.0\bin\;C:\Users\Ajeje Brazorf\AppData\Local\Microsoft\WindowsApps;;C:\Program Files\JetBrains\IntelliJ IDEA 2020.3.2\bin;;C:\Users\Ajeje Brazorf\AppData\Roaming\npm;."/>
    <property name="java.vm.info" value="mixed mode, sharing"/>
    <property name="java.vendor" value="Oracle Corporation"/>
    <property name="java.vm.version" value="15.0.2+7-27"/>
    <property name="sun.io.unicode.encoding" value="UnicodeLittle"/>
    <property name="java.class.version" value="59.0"/>
  </properties>
  <testcase name="testStartDiscard" classname="it.polimi.ingsw.LeaderCardPlayAndDiscardTest" time="0"/>
  <testcase name="testCannotDiscard" classname="it.polimi.ingsw.LeaderCardPlayAndDiscardTest" time="0.003"/>
  <testcase name="testStartDiscardIndexOutOfBound" classname="it.polimi.ingsw.LeaderCardPlayAndDiscardTest" time="0.003"/>
  <testcase name="testCanPlayLCardWithResources" classname="it.polimi.ingsw.LeaderCardPlayAndDiscardTest" time="0.002"/>
  <testcase name="testCannotPlayDC" classname="it.polimi.ingsw.LeaderCardPlayAndDiscardTest" time="0.004"/>
  <testcase name="testCanDiscard" classname="it.polimi.ingsw.LeaderCardPlayAndDiscardTest" time="0.002"/>
  <testcase name="testDiscardFavor" classname="it.polimi.ingsw.LeaderCardPlayAndDiscardTest" time="0.002"/>
  <testcase name="testCanPlayLCardWithDCAndResources" classname="it.polimi.ingsw.LeaderCardPlayAndDiscardTest" time="0.002"/>
  <testcase name="testCanPlayLCardWithDC" classname="it.polimi.ingsw.LeaderCardPlayAndDiscardTest" time="0.002"/>
  <testcase name="testStartDiscardTooManyDiscards" classname="it.polimi.ingsw.LeaderCardPlayAndDiscardTest" time="0.003"/>
</testsuite>